2016/05/03 20:22:42
preCraw: visiting: https://leetcode.com/problemset/algorithms/
2016/05/03 20:22:43
preCraw: visiting: https://leetcode.com/
2016/05/03 20:22:44
preCraw: visiting: https://leetcode.com/subscribe/
2016/05/03 20:22:45
preCraw: visiting: https://leetcode.com/problemset/algorithms/#
2016/05/03 20:22:47
preCraw: visiting: https://leetcode.com/problemset/database/
2016/05/03 20:22:48
preCraw: visiting: https://leetcode.com/problemset/shell/
2016/05/03 20:22:51
preCraw: visiting: https://leetcode.com/problems/move-zeroes
2016/05/03 20:22:52
preCraw: visiting: https://leetcode.com/mockinterview/
2016/05/03 20:22:53
preCraw: visiting: https://leetcode.com/mockinterview/session/list/
2016/05/03 20:22:56
preCraw: visiting: https://leetcode.com/articles/
2016/05/03 20:22:57
Thread-3 visiting: https://leetcode.com/book/
2016/05/03 20:22:57
Thread-5 visiting: https://leetcode.com/accounts/login/
2016/05/03 20:22:57
Thread-1 visiting: https://leetcode.com/discuss/
2016/05/03 20:22:58
Thread-4 visiting: https://discuss.leetcode.com/category/5/interview-questions
2016/05/03 20:22:58
Thread-5 visiting: https://leetcode.com/faq/
2016/05/03 20:22:59
Thread-1 visiting: https://leetcode.com/session/
2016/05/03 20:22:59
Thread-4 visiting: https://leetcode.com/problems/top-k-frequent-elements/
2016/05/03 20:22:59
Thread-5 visiting: https://leetcode.com/problems/moving-average-from-data-stream/
2016/05/03 20:22:59
Thread-3 visiting: https://leetcode.com/profile/
2016/05/03 20:23:00
Thread-5 visiting: https://leetcode.com/problems/integer-break/
2016/05/03 20:23:00
Thread-3 visiting: https://leetcode.com/problems/power-of-four/
2016/05/03 20:23:00
Thread-1 visiting: https://leetcode.com/problems/reverse-vowels-of-a-string/
2016/05/03 20:23:00
Thread-4 visiting: https://leetcode.com/problems/reverse-string/
2016/05/03 20:23:01
Thread-5 visiting: https://leetcode.com/problems/flatten-nested-list-iterator/
2016/05/03 20:23:01
Thread-3 visiting: https://leetcode.com/problems/longest-substring-with-at-most-k-distinct-characters/
2016/05/03 20:23:01
Thread-4 visiting: https://leetcode.com/problems/counting-bits/
2016/05/03 20:23:01
Thread-1 visiting: https://leetcode.com/problems/nested-list-weight-sum/
2016/05/03 20:23:02
Thread-4 visiting: https://leetcode.com/problems/self-crossing/
2016/05/03 20:23:02
Thread-1 visiting: https://leetcode.com/problems/increasing-triplet-subsequence/
2016/05/03 20:23:03
Thread-4 visiting: https://leetcode.com/problems/largest-bst-subtree/
2016/05/03 20:23:05
Thread-3 visiting: https://leetcode.com/problems/palindrome-pairs/
2016/05/03 20:23:07
Thread-4 visiting: https://leetcode.com/problems/verify-preorder-serialization-of-a-binary-tree/
2016/05/03 20:23:07
Thread-2 visiting: https://leetcode.com/accounts/signup
2016/05/03 20:23:09
Thread-5 visiting: https://leetcode.com/problems/house-robber-iii/
2016/05/03 20:23:09
Thread-3 visiting: https://leetcode.com/problems/patching-array/
2016/05/03 20:23:09
Thread-1 visiting: https://leetcode.com/problems/reconstruct-itinerary/
2016/05/03 20:23:10
Thread-5 visiting: https://leetcode.com/problems/count-of-range-sum/
2016/05/03 20:23:10
Thread-3 visiting: https://leetcode.com/problems/power-of-three/
2016/05/03 20:23:10
Thread-1 visiting: https://leetcode.com/problems/maximum-size-subarray-sum-equals-k/
2016/05/03 20:23:11
Thread-4 visiting: https://leetcode.com/problems/longest-increasing-path-in-a-matrix/
2016/05/03 20:23:11
Thread-5 visiting: https://leetcode.com/problems/wiggle-sort-ii/
2016/05/03 20:23:11
Thread-2 visiting: https://leetcode.com/problems/odd-even-linked-list/
2016/05/03 20:23:11
Thread-3 visiting: https://leetcode.com/problems/number-of-connected-components-in-an-undirected-graph/
2016/05/03 20:23:11
Thread-1 visiting: https://leetcode.com/problems/coin-change/
2016/05/03 20:23:12
Thread-2 visiting: https://leetcode.com/problems/bulb-switcher/
2016/05/03 20:23:12
Thread-3 visiting: https://leetcode.com/problems/maximum-product-of-word-lengths/
2016/05/03 20:23:13
Thread-1 visiting: https://leetcode.com/problems/shortest-distance-from-all-buildings/
2016/05/03 20:23:13
Thread-3 visiting: https://leetcode.com/problems/count-of-smaller-numbers-after-self/
2016/05/03 20:23:14
Thread-2 visiting: https://leetcode.com/problems/remove-duplicate-letters/
2016/05/03 20:23:14
Thread-1 visiting: https://leetcode.com/problems/binary-tree-vertical-order-traversal/
2016/05/03 20:23:14
Thread-2 visiting: https://leetcode.com/problems/burst-balloons/
2016/05/03 20:23:15
Thread-4 visiting: https://leetcode.com/problems/create-maximum-number/
2016/05/03 20:23:15
Thread-3 visiting: https://leetcode.com/problems/super-ugly-number/
2016/05/03 20:23:15
Thread-1 visiting: https://leetcode.com/problems/sparse-matrix-multiplication/
2016/05/03 20:23:15
Thread-2 visiting: https://leetcode.com/problems/minimum-height-trees/
2016/05/03 20:23:16
Thread-1 visiting: https://leetcode.com/problems/range-sum-query-mutable/
2016/05/03 20:23:16
Thread-3 visiting: https://leetcode.com/problems/range-sum-query-2d-mutable/
2016/05/03 20:23:17
Thread-3 visiting: https://leetcode.com/problems/range-sum-query-2d-immutable/
2016/05/03 20:23:17
Thread-1 visiting: https://leetcode.com/problems/number-of-islands-ii/
2016/05/03 20:23:18
Thread-3 visiting: https://leetcode.com/problems/range-sum-query-immutable/
2016/05/03 20:23:18
Thread-1 visiting: https://leetcode.com/problems/smallest-rectangle-enclosing-black-pixels/
2016/05/03 20:23:18
Thread-2 visiting: https://leetcode.com/problems/additive-number/
2016/05/03 20:23:19
Thread-5 visiting: https://leetcode.com/problems/generalized-abbreviation/
2016/05/03 20:23:19
Thread-3 visiting: https://leetcode.com/problems/remove-invalid-parentheses/
2016/05/03 20:23:19
Thread-1 visiting: https://leetcode.com/problems/longest-increasing-subsequence/
2016/05/03 20:23:19
Thread-2 visiting: https://leetcode.com/problems/bulls-and-cows/
2016/05/03 20:23:20
Thread-4 visiting: https://leetcode.com/problems/best-time-to-buy-and-sell-stock-with-cooldown/
2016/05/03 20:23:20
Thread-5 visiting: https://leetcode.com/problems/binary-tree-longest-consecutive-sequence/
2016/05/03 20:23:20
Thread-3 visiting: https://leetcode.com/problems/serialize-and-deserialize-binary-tree/
2016/05/03 20:23:20
Thread-1 visiting: https://leetcode.com/problems/best-meeting-point/
2016/05/03 20:23:21
Thread-5 visiting: https://leetcode.com/problems/flip-game/
2016/05/03 20:23:21
Thread-3 visiting: https://leetcode.com/problems/nim-game/
2016/05/03 20:23:21
Thread-4 visiting: https://leetcode.com/problems/flip-game-ii/
2016/05/03 20:23:21
Thread-1 visiting: https://leetcode.com/problems/word-pattern-ii/
2016/05/03 20:23:22
Thread-2 visiting: https://leetcode.com/problems/find-median-from-data-stream/
2016/05/03 20:23:22
Thread-3 visiting: https://leetcode.com/problems/game-of-life/
2016/05/03 20:23:22
Thread-5 visiting: https://leetcode.com/problems/word-pattern/
2016/05/03 20:23:22
Thread-1 visiting: https://leetcode.com/problems/find-the-duplicate-number/
2016/05/03 20:23:23
Thread-5 visiting: https://leetcode.com/problems/peeking-iterator/
2016/05/03 20:23:23
Thread-3 visiting: https://leetcode.com/problems/inorder-successor-in-bst/
2016/05/03 20:23:23
Thread-1 visiting: https://leetcode.com/problems/move-zeroes/
2016/05/03 20:23:24
Thread-3 visiting: https://leetcode.com/problems/zigzag-iterator/
2016/05/03 20:23:24
Thread-2 visiting: https://leetcode.com/problems/walls-and-gates/
2016/05/03 20:23:25
Thread-3 visiting: https://leetcode.com/problems/perfect-squares/
2016/05/03 20:23:25
Thread-5 visiting: https://leetcode.com/problems/expression-add-operators/
2016/05/03 20:23:25
Thread-2 visiting: https://leetcode.com/problems/first-bad-version/
2016/05/03 20:23:26
Thread-3 visiting: https://leetcode.com/problems/find-the-celebrity/
2016/05/03 20:23:26
Thread-1 visiting: https://leetcode.com/problems/wiggle-sort/
2016/05/03 20:23:26
Thread-2 visiting: https://leetcode.com/problems/h-index-ii/
2016/05/03 20:23:26
Thread-4 visiting: https://leetcode.com/problems/unique-word-abbreviation/
2016/05/03 20:23:27
Thread-3 visiting: https://leetcode.com/problems/h-index/
2016/05/03 20:23:27
Thread-1 visiting: https://leetcode.com/problems/integer-to-english-words/
2016/05/03 20:23:28
Thread-2 visiting: https://leetcode.com/problems/closest-binary-search-tree-value-ii/
2016/05/03 20:23:28
Thread-3 visiting: https://leetcode.com/problems/closest-binary-search-tree-value/
2016/05/03 20:23:28
Thread-4 visiting: https://leetcode.com/problems/encode-and-decode-strings/
2016/05/03 20:23:29
Thread-2 visiting: https://leetcode.com/problems/missing-number/
2016/05/03 20:23:29
Thread-3 visiting: https://leetcode.com/problems/palindrome-permutation-ii/
2016/05/03 20:23:30
Thread-5 visiting: https://leetcode.com/problems/paint-fence/
2016/05/03 20:23:30
Thread-4 visiting: https://leetcode.com/problems/palindrome-permutation/
2016/05/03 20:23:30
Thread-2 visiting: https://leetcode.com/problems/paint-house-ii/
2016/05/03 20:23:31
Thread-3 visiting: https://leetcode.com/problems/ugly-number-ii/
2016/05/03 20:23:31
Thread-4 visiting: https://leetcode.com/problems/graph-valid-tree/
2016/05/03 20:23:32
Thread-1 visiting: https://leetcode.com/problems/alien-dictionary/
2016/05/03 20:23:34
Thread-5 visiting: https://leetcode.com/problems/ugly-number/
